<?xml version="1.0" encoding="UTF-8"?>
<!-- Generated by org.testng.reporters.JUnitReportReporter -->
<testsuite hostname="MCKL-20005588" failures="0" tests="3" name="com.dbxp.comviva.Applyloan" time="64.105" errors="0" timestamp="2022-07-29T10:55:29 IST" skipped="0">
  <testcase classname="com.dbxp.comviva.Applyloan" name="launchspocify" time="7.115"/>
  <system-out/>
  <testcase classname="com.dbxp.comviva.Applyloan" name="loginSpocify" time="48.067"/>
  <system-out/>
  <testcase classname="com.dbxp.comviva.Applyloan" name="gotoProductSectionAndFillup" time="8.923"/>
  <system-out/>
</testsuite> <!-- com.dbxp.comviva.Applyloan -->
