<?xml version="1.0" encoding="UTF-8"?>
<!-- Generated by org.testng.reporters.JUnitReportReporter -->
<testsuite hostname="MCKL-20005588" failures="0" tests="1" name="com.pdf.PDFC" time="0.451" errors="0" timestamp="2023-01-16T13:19:46 IST" skipped="0">
  <testcase classname="com.pdf.PDFC" name="comparePDF" time="0.451"/>
  <system-out/>
</testsuite> <!-- com.pdf.PDFC -->
